timestamp: 2020-11-08T15:14:23.922943
CREATE TABLE "auth_user"(
    "id" INTEGER PRIMARY KEY AUTOINCREMENT,
    "username" CHAR(512) UNIQUE,
    "email" CHAR(512) UNIQUE,
    "password" CHAR(512),
    "first_name" CHAR(512),
    "last_name" CHAR(512),
    "sso_id" CHAR(512),
    "action_token" CHAR(512),
    "last_password_change" TIMESTAMP
);
success!
timestamp: 2020-11-08T15:14:23.927436
CREATE TABLE "auth_user_tag_groups"(
    "id" INTEGER PRIMARY KEY AUTOINCREMENT,
    "path" CHAR(512),
    "record_id" INTEGER REFERENCES "auth_user" ("id") ON DELETE CASCADE  
);
success!
timestamp: 2020-11-08T16:03:24.223426
CREATE TABLE "execution_results"(
    "id" INTEGER PRIMARY KEY AUTOINCREMENT,
    "execution_id" CHAR(512) UNIQUE,
    "execution_data" TEXT
);
success!
timestamp: 2020-11-12T01:08:05.939375
ALTER TABLE "execution_results" ADD "execution_name" CHAR(512);
success!
